<?xml version="1.0" encoding="UTF-8"?>
<!-- Generated by org.testng.reporters.JUnitXMLReporter -->
<testsuite ignored="0" hostname="DESKTOP-DIMGNTL" failures="4" tests="4" name="Surefire test" time="37.421" errors="0" timestamp="2022-09-16T09:48:10 EDT">
  <testcase classname="io.cucumber.testng.AbstractTestNGCucumberTests" name="runScenario" time="32.043">
    <failure type="java.lang.NullPointerException">
      <![CDATA[java.lang.NullPointerException
at hooks.CucumberApplicationHook.TakeScreenShot(CucumberApplicationHook.java:49)
at hooks.CucumberApplicationHook.TakeScreenshotBeforeSceanrio(CucumberApplicationHook.java:34)
]]>
    </failure>
  </testcase> <!-- runScenario -->
  <testcase classname="io.cucumber.testng.AbstractTestNGCucumberTests" name="runScenario" time="32.043">
    <failure type="java.lang.NullPointerException">
      <![CDATA[java.lang.NullPointerException
at hooks.CucumberApplicationHook.TakeScreenShot(CucumberApplicationHook.java:49)
at hooks.CucumberApplicationHook.TakeScreenshotBeforeSceanrio(CucumberApplicationHook.java:34)
]]>
    </failure>
  </testcase> <!-- runScenario -->
  <testcase classname="io.cucumber.testng.AbstractTestNGCucumberTests" name="runScenario" time="32.907">
    <failure type="java.lang.NullPointerException">
      <![CDATA[java.lang.NullPointerException
at hooks.CucumberApplicationHook.TakeScreenShot(CucumberApplicationHook.java:49)
at hooks.CucumberApplicationHook.TakeScreenshotBeforeSceanrio(CucumberApplicationHook.java:34)
]]>
    </failure>
  </testcase> <!-- runScenario -->
  <testcase classname="io.cucumber.testng.AbstractTestNGCucumberTests" name="runScenario" time="33.869">
    <failure type="java.lang.NullPointerException">
      <![CDATA[java.lang.NullPointerException
at hooks.CucumberApplicationHook.TakeScreenShot(CucumberApplicationHook.java:49)
at hooks.CucumberApplicationHook.TakeScreenshotBeforeSceanrio(CucumberApplicationHook.java:34)
]]>
    </failure>
  </testcase> <!-- runScenario -->
</testsuite> <!-- Surefire test -->
