<?xml version="1.0" encoding="UTF-8"?>
<testsuite xmlns:xsi="http://www.w3.org/2001/XMLSchema-instance" xsi:noNamespaceSchemaLocation="https://maven.apache.org/surefire/maven-surefire-plugin/xsd/surefire-test-report-3.0.xsd" version="3.0" name="testrunners.TestRunner" time="40.378" tests="4" errors="0" skipped="0" failures="4">
  <properties>
[...]
</properties>
  <testcase name="runScenario[&quot;Accounts page title&quot;, &quot;Account Page Feature&quot;](2)" classname="testrunners.TestRunner" time="32.065">
    <failure type="java.lang.NullPointerException"><![CDATA[java.lang.NullPointerException
	at hooks.CucumberApplicationHook.TakeScreenShot(CucumberApplicationHook.java:49)
	at hooks.CucumberApplicationHook.TakeScreenshotBeforeSceanrio(CucumberApplicationHook.java:34)
]]></failure>
    <system-out><![CDATA[
Scenario: Verify Portal page alert     # src/test/resources/features/LoginPage.feature:3

@accounts
Scenario: Accounts section count                  # src/test/resources/features/UserAccountPage.feature:15

Scenario: Successful login with right credentials (registered user) & Verify # src/test/resources/features/LoginPage.feature:9

@accounts
Scenario: Accounts page title                               # src/test/resources/features/UserAccountPage.feature:9
      java.lang.NullPointerException
	at hooks.CucumberApplicationHook.TakeScreenShot(CucumberApplicationHook.java:49)
	at hooks.CucumberApplicationHook.TakeScreenshotBeforeSceanrio(CucumberApplicationHook.java:34)

      java.lang.NullPointerException
	at hooks.CucumberApplicationHook.TakeScreenShot(CucumberApplicationHook.java:49)
	at hooks.CucumberApplicationHook.TakeScreenshotBeforeSceanrio(CucumberApplicationHook.java:34)

      java.lang.NullPointerException
	at hooks.CucumberApplicationHook.TakeScreenShot(CucumberApplicationHook.java:49)
	at hooks.CucumberApplicationHook.TakeScreenshotBeforeSceanrio(CucumberApplicationHook.java:34)

      java.lang.NullPointerException
	at hooks.CucumberApplicationHook.TakeScreenShot(CucumberApplicationHook.java:49)
	at hooks.CucumberApplicationHook.TakeScreenshotBeforeSceanrio(CucumberApplicationHook.java:34)

  Given user has already logged in to application # stepdefinitions.UserAccountPageSteps.user_has_already_logged_in_to_application(io.cucumber.datatable.DataTable)
    | username                  | password    |
    | qalearningspace@gmail.com | Testing@123 |
  Given user is on the login page                                            # stepdefinitions.LoginPageSteps.user_is_on_the_login_page()
  When user enters username "qalearningspace@gmail.com"                      # stepdefinitions.LoginPageSteps.user_enters_username(java.lang.String)
  And user enters password "Testing@123"                                     # stepdefinitions.LoginPageSteps.user_enters_password(java.lang.String)
  And user clicks on Login button                                            # stepdefinitions.LoginPageSteps.user_clicks_on_login_button()
  Then user gets the title of useraccount page                               # stepdefinitions.LoginPageSteps.user_gets_the_title_of_the_next_landing_page_i_e_useraccount_page()
  Given user is on Accounts page                  # stepdefinitions.UserAccountPageSteps.user_is_on_accounts_page()
  And useraccount page title should be "My account - My Store"               # stepdefinitions.LoginPageSteps.useraccount_page_title_should_be(java.lang.String)
  Then user gets accounts section                 # stepdefinitions.UserAccountPageSteps.user_gets_accounts_section(io.cucumber.datatable.DataTable)
    | ORDER HISTORY AND DETAILS |
    | MY CREDIT SLIPS           |
    | MY ADDRESSES              |
    | MY PERSONAL INFORMATION   |
    | MY WISHLISTS              |
    | Home                      |
  And accounts section count should be 6          # stepdefinitions.UserAccountPageSteps.accounts_section_count_should_be(java.lang.Integer)
  And log out of the application                  # stepdefinitions.UserAccountPageSteps.log_out_of_the_application()

    Embedding FailedScreenshot_for_Successful login with right credentials (registered user) & Verify [image/png 4189 bytes]

  Given user has already logged in to application           # stepdefinitions.UserAccountPageSteps.user_has_already_logged_in_to_application(io.cucumber.datatable.DataTable)
    | username                  | password    |
    | qalearningspace@gmail.com | Testing@123 |
  Given user is on Accounts page                            # stepdefinitions.UserAccountPageSteps.user_is_on_accounts_page()
  When user gets the title of account page                  # stepdefinitions.UserAccountPageSteps.user_gets_the_title_of_the_next_landing_page_i_e_useraccount_page()
  Then account page title should be "My account - My Store" # stepdefinitions.UserAccountPageSteps.useraccount_page_title_should_be(java.lang.String)

    Embedding FailedScreenshot_for_Accounts page title [image/png 4189 bytes]

  Given user is on the login page      # stepdefinitions.LoginPageSteps.user_is_on_the_login_page()
  When user gets the title of the page # stepdefinitions.LoginPageSteps.user_gets_the_title_of_the_page()
  Then page title should be ""         # stepdefinitions.LoginPageSteps.page_title_should_be(java.lang.String)

    Embedding FailedScreenshot_for_Accounts section count [image/png 4189 bytes]


    Embedding FailedScreenshot_for_Verify Portal page alert [image/png 4189 bytes]

]]></system-out>
    <system-err><![CDATA[SLF4J: Failed to load class "org.slf4j.impl.StaticLoggerBinder".
SLF4J: Defaulting to no-operation (NOP) logger implementation
SLF4J: See http://www.slf4j.org/codes.html#StaticLoggerBinder for further details.
Starting ChromeDriver 104.0.5112.79 (3cf3e8c8a07d104b9e1260c910efb8f383285dc5-refs/branch-heads/5112@{#1307}) on port 60182
Only local connections are allowed.
Please see https://chromedriver.chromium.org/security-considerations for suggestions on keeping ChromeDriver safe.
ChromeDriver was started successfully.
Starting ChromeDriver 104.0.5112.79 (3cf3e8c8a07d104b9e1260c910efb8f383285dc5-refs/branch-heads/5112@{#1307}) on port 63848
Only local connections are allowed.
Please see https://chromedriver.chromium.org/security-considerations for suggestions on keeping ChromeDriver safe.
ChromeDriver was started successfully.
Starting ChromeDriver 104.0.5112.79 (3cf3e8c8a07d104b9e1260c910efb8f383285dc5-refs/branch-heads/5112@{#1307}) on port 50352
Only local connections are allowed.
Please see https://chromedriver.chromium.org/security-considerations for suggestions on keeping ChromeDriver safe.
ChromeDriver was started successfully.
Starting ChromeDriver 104.0.5112.79 (3cf3e8c8a07d104b9e1260c910efb8f383285dc5-refs/branch-heads/5112@{#1307}) on port 54014
Only local connections are allowed.
Please see https://chromedriver.chromium.org/security-considerations for suggestions on keeping ChromeDriver safe.
ChromeDriver was started successfully.
[1663336070.964][WARNING]: This version of ChromeDriver has not been tested with Chrome version 105.
[1663336073.330][WARNING]: This version of ChromeDriver has not been tested with Chrome version 105.
[1663336074.070][WARNING]: This version of ChromeDriver has not been tested with Chrome version 105.
[1663336074.421][WARNING]: This version of ChromeDriver has not been tested with Chrome version 105.
Sep 16, 2022 9:48:03 AM org.openqa.selenium.remote.ProtocolHandshake createSession
INFO: Detected upstream dialect: W3C
Sep 16, 2022 9:48:03 AM org.openqa.selenium.devtools.CdpVersionFinder findNearestMatch
WARNING: Unable to find an exact match for CDP version 105, so returning the closest version found: 103
Sep 16, 2022 9:48:03 AM org.openqa.selenium.devtools.CdpVersionFinder findNearestMatch
INFO: Found CDP implementation for version 105 of 103
Sep 16, 2022 9:48:04 AM org.openqa.selenium.remote.ProtocolHandshake createSession
INFO: Detected upstream dialect: W3C
Sep 16, 2022 9:48:04 AM org.openqa.selenium.devtools.CdpVersionFinder findNearestMatch
WARNING: Unable to find an exact match for CDP version 105, so returning the closest version found: 103
Sep 16, 2022 9:48:04 AM org.openqa.selenium.devtools.CdpVersionFinder findNearestMatch
INFO: Found CDP implementation for version 105 of 103
Sep 16, 2022 9:48:04 AM org.openqa.selenium.remote.ProtocolHandshake createSession
INFO: Detected upstream dialect: W3C
Sep 16, 2022 9:48:04 AM org.openqa.selenium.devtools.CdpVersionFinder findNearestMatch
WARNING: Unable to find an exact match for CDP version 105, so returning the closest version found: 103
Sep 16, 2022 9:48:04 AM org.openqa.selenium.devtools.CdpVersionFinder findNearestMatch
INFO: Found CDP implementation for version 105 of 103
Sep 16, 2022 9:48:04 AM org.openqa.selenium.remote.ProtocolHandshake createSession
INFO: Detected upstream dialect: W3C
Sep 16, 2022 9:48:04 AM org.openqa.selenium.devtools.CdpVersionFinder findNearestMatch
WARNING: Unable to find an exact match for CDP version 105, so returning the closest version found: 103
Sep 16, 2022 9:48:04 AM org.openqa.selenium.devtools.CdpVersionFinder findNearestMatch
INFO: Found CDP implementation for version 105 of 103
]]></system-err>
  </testcase>
  <testcase name="runScenario[&quot;Verify Portal page alert&quot;, &quot;Login page feature for the e-commerce website&quot;](2)" classname="testrunners.TestRunner" time="32.065">
    <failure type="java.lang.NullPointerException"><![CDATA[java.lang.NullPointerException
	at hooks.CucumberApplicationHook.TakeScreenShot(CucumberApplicationHook.java:49)
	at hooks.CucumberApplicationHook.TakeScreenshotBeforeSceanrio(CucumberApplicationHook.java:34)
]]></failure>
  </testcase>
  <testcase name="runScenario[&quot;Accounts section count&quot;, &quot;Account Page Feature&quot;](3)" classname="testrunners.TestRunner" time="32.945">
    <failure type="java.lang.NullPointerException"><![CDATA[java.lang.NullPointerException
	at hooks.CucumberApplicationHook.TakeScreenShot(CucumberApplicationHook.java:49)
	at hooks.CucumberApplicationHook.TakeScreenshotBeforeSceanrio(CucumberApplicationHook.java:34)
]]></failure>
  </testcase>
  <testcase name="runScenario[&quot;Successful login with right credentials (registered user) &amp; Verify&quot;, &quot;Login page feature for the e-commerce website&quot;](4)" classname="testrunners.TestRunner" time="33.875">
    <failure type="java.lang.NullPointerException"><![CDATA[java.lang.NullPointerException
	at hooks.CucumberApplicationHook.TakeScreenShot(CucumberApplicationHook.java:49)
	at hooks.CucumberApplicationHook.TakeScreenshotBeforeSceanrio(CucumberApplicationHook.java:34)
]]></failure>
  </testcase>
</testsuite>